

================================================================
== Vitis HLS Report for 'dut'
================================================================
* Date:           Sun Nov 13 16:00:54 2022

* Version:        2022.1 (Build 3526262 on Mon Apr 18 15:47:01 MDT 2022)
* Project:        dut
* Solution:       solution (Vitis Kernel Flow Target)
* Product family: virtexuplus
* Target device:  xcu50-fsvh2104-2-e


================================================================
== Performance Estimates
================================================================
+ Timing: 
    * Summary: 
    +--------+---------+----------+------------+
    |  Clock |  Target | Estimated| Uncertainty|
    +--------+---------+----------+------------+
    |ap_clk  |  3.33 ns|  2.433 ns|     0.90 ns|
    +--------+---------+----------+------------+

+ Latency: 
    * Summary: 
    +---------+---------+----------+----------+-----+-----+---------+
    |  Latency (cycles) |  Latency (absolute) |  Interval | Pipeline|
    |   min   |   max   |    min   |    max   | min | max |   Type  |
    +---------+---------+----------+----------+-----+-----+---------+
    |        ?|        ?|         ?|         ?|    ?|    ?|       no|
    +---------+---------+----------+----------+-----+-----+---------+

    + Detail: 
        * Instance: 
        +------------------------------------------+-------------------------------+---------+---------+----------+-----------+-----+------+---------+
        |                                          |                               |  Latency (cycles) |  Latency (absolute)  |  Interval  | Pipeline|
        |                 Instance                 |             Module            |   min   |   max   |    min   |    max    | min |  max |   Type  |
        +------------------------------------------+-------------------------------+---------+---------+----------+-----------+-----+------+---------+
        |grp_dut_Pipeline_LOOP_INIT_fu_430         |dut_Pipeline_LOOP_INIT         |       40|     3639|  0.133 us|  12.129 us|   40|  3639|       no|
        |grp_dut_Pipeline_LOOP_MAIN_INIT_fu_440    |dut_Pipeline_LOOP_MAIN_INIT    |        3|     3602|  9.999 ns|  12.005 us|    3|  3602|       no|
        |grp_dut_Pipeline_VITIS_LOOP_186_1_fu_449  |dut_Pipeline_VITIS_LOOP_186_1  |        ?|        ?|         ?|          ?|    ?|     ?|       no|
        |grp_dut_Pipeline_VITIS_LOOP_212_2_fu_467  |dut_Pipeline_VITIS_LOOP_212_2  |        ?|        ?|         ?|          ?|    ?|     ?|       no|
        +------------------------------------------+-------------------------------+---------+---------+----------+-----------+-----+------+---------+

        * Loop: 
        +------------------+---------+---------+----------+-----------+-----------+----------+----------+
        |                  |  Latency (cycles) | Iteration|  Initiation Interval  |   Trip   |          |
        |     Loop Name    |   min   |   max   |  Latency |  achieved |   target  |   Count  | Pipelined|
        +------------------+---------+---------+----------+-----------+-----------+----------+----------+
        |- LOOP_MAIN       |        ?|        ?|         ?|          -|          -|  1 ~ 3600|        no|
        | + LOOP_MAIN_BFS  |        ?|        ?|         ?|          -|          -|  1 ~ 3600|        no|
        | + LOOP_MAIN_ACC  |        ?|        ?|         ?|          -|          -|  1 ~ 3600|        no|
        +------------------+---------+---------+----------+-----------+-----------+----------+----------+



================================================================
== Utilization Estimates
================================================================
* Summary: 
+---------------------+---------+------+---------+--------+-----+
|         Name        | BRAM_18K|  DSP |    FF   |   LUT  | URAM|
+---------------------+---------+------+---------+--------+-----+
|DSP                  |        -|     -|        -|       -|    -|
|Expression           |        -|     -|        0|     564|    -|
|FIFO                 |        -|     -|        -|       -|    -|
|Instance             |        0|     5|     4502|    6102|    0|
|Memory               |        8|     -|        0|       0|    6|
|Multiplexer          |        -|     -|        -|    1728|    -|
|Register             |        -|     -|     1236|       -|    -|
+---------------------+---------+------+---------+--------+-----+
|Total                |        8|     5|     5738|    8394|    6|
+---------------------+---------+------+---------+--------+-----+
|Available SLR        |     1344|  2976|   871680|  435840|  320|
+---------------------+---------+------+---------+--------+-----+
|Utilization SLR (%)  |       ~0|    ~0|       ~0|       1|    1|
+---------------------+---------+------+---------+--------+-----+
|Available            |     2688|  5952|  1743360|  871680|  640|
+---------------------+---------+------+---------+--------+-----+
|Utilization (%)      |       ~0|    ~0|       ~0|      ~0|   ~0|
+---------------------+---------+------+---------+--------+-----+

+ Detail: 
    * Instance: 
    +------------------------------------------+--------------------------------+---------+----+-----+------+-----+
    |                 Instance                 |             Module             | BRAM_18K| DSP|  FF |  LUT | URAM|
    +------------------------------------------+--------------------------------+---------+----+-----+------+-----+
    |control_s_axi_U                           |control_s_axi                   |        0|   0|  602|  1064|    0|
    |grp_dut_Pipeline_LOOP_INIT_fu_430         |dut_Pipeline_LOOP_INIT          |        0|   0|  153|   201|    0|
    |grp_dut_Pipeline_LOOP_MAIN_INIT_fu_440    |dut_Pipeline_LOOP_MAIN_INIT     |        0|   0|   27|    97|    0|
    |grp_dut_Pipeline_VITIS_LOOP_186_1_fu_449  |dut_Pipeline_VITIS_LOOP_186_1   |        0|   0|  553|   482|    0|
    |grp_dut_Pipeline_VITIS_LOOP_212_2_fu_467  |dut_Pipeline_VITIS_LOOP_212_2   |        0|   3|  600|   517|    0|
    |fadd_32ns_32ns_32_7_full_dsp_1_U34        |fadd_32ns_32ns_32_7_full_dsp_1  |        0|   2|  318|   198|    0|
    |gmem0_m_axi_U                             |gmem0_m_axi                     |        0|   0|  742|  1113|    0|
    |gmem1_m_axi_U                             |gmem1_m_axi                     |        0|   0|  742|  1113|    0|
    |gmem3_m_axi_U                             |gmem3_m_axi                     |        0|   0|  765|  1317|    0|
    +------------------------------------------+--------------------------------+---------+----+-----+------+-----+
    |Total                                     |                                |        0|   5| 4502|  6102|    0|
    +------------------------------------------+--------------------------------+---------+----+-----+------+-----+

    * DSP: 
    N/A

    * Memory: 
    +----------+--------------------------+---------+---+----+-----+-------+-----+------+-------------+
    |  Memory  |          Module          | BRAM_18K| FF| LUT| URAM| Words | Bits| Banks| W*Bits*Banks|
    +----------+--------------------------+---------+---+----+-----+-------+-----+------+-------------+
    |p_U       |p_RAM_AUTO_1R1W           |        8|  0|   0|    0|  72000|   12|     1|       864000|
    |s_U       |s_RAM_AUTO_1R1W           |        0|  0|   0|    1|   3600|   32|     1|       115200|
    |p_tail_U  |s_RAM_AUTO_1R1W           |        0|  0|   0|    1|   3600|   32|     1|       115200|
    |q_U       |s_RAM_AUTO_1R1W           |        0|  0|   0|    1|   3600|   32|     1|       115200|
    |sigma_U   |sigma_RAM_1WNR_AUTO_1R1W  |        0|  0|   0|    1|   3600|   32|     1|       115200|
    |dist_U    |sigma_RAM_1WNR_AUTO_1R1W  |        0|  0|   0|    1|   3600|   32|     1|       115200|
    |delta_U   |sigma_RAM_1WNR_AUTO_1R1W  |        0|  0|   0|    1|   3600|   32|     1|       115200|
    +----------+--------------------------+---------+---+----+-----+-------+-----+------+-------------+
    |Total     |                          |        8|  0|   0|    6|  93600|  204|     7|      1555200|
    +----------+--------------------------+---------+---+----+-----+-------+-----+------+-------------+

    * FIFO: 
    N/A

    * Expression: 
    +------------------------+----------+----+---+----+------------+------------+
    |      Variable Name     | Operation| DSP| FF| LUT| Bitwidth P0| Bitwidth P1|
    +------------------------+----------+----+---+----+------------+------------+
    |add_ln148_fu_496_p2     |         +|   0|  0|  19|          12|           1|
    |add_ln186_1_fu_605_p2   |         +|   0|  0|  71|          64|          64|
    |add_ln186_fu_561_p2     |         +|   0|  0|  71|          64|          64|
    |add_ln207_fu_764_p2     |         +|   0|  0|  20|          13|           2|
    |add_ln209_fu_731_p2     |         +|   0|  0|  71|          64|          64|
    |add_ln214_fu_721_p2     |         +|   0|  0|  24|          17|          17|
    |j_2_fu_649_p2           |         +|   0|  0|  19|          12|           1|
    |j_3_fu_521_p2           |         +|   0|  0|  19|          12|           1|
    |s_top_3_fu_665_p2       |         +|   0|  0|  19|          12|           2|
    |sub_ln186_fu_590_p2     |         -|   0|  0|  39|          32|          32|
    |ap_block_state177       |       and|   0|  0|   2|           1|           1|
    |ap_ext_blocking_cur_n   |       and|   0|  0|   2|           1|           1|
    |ap_ext_blocking_n       |       and|   0|  0|   2|           1|           1|
    |ap_int_blocking_n       |       and|   0|  0|   2|           1|           2|
    |ap_str_blocking_n       |       and|   0|  0|   2|           1|           2|
    |icmp_ln148_fu_490_p2    |      icmp|   0|  0|  12|          12|          10|
    |icmp_ln149_fu_510_p2    |      icmp|   0|  0|  20|          32|          32|
    |icmp_ln182_fu_515_p2    |      icmp|   0|  0|  12|          12|          10|
    |icmp_ln183_fu_536_p2    |      icmp|   0|  0|  20|          32|          32|
    |icmp_ln186_1_fu_620_p2  |      icmp|   0|  0|  20|          32|          32|
    |icmp_ln186_fu_586_p2    |      icmp|   0|  0|  20|          32|          32|
    |icmp_ln205_fu_643_p2    |      icmp|   0|  0|  12|          12|          10|
    |icmp_ln206_fu_655_p2    |      icmp|   0|  0|  12|          13|           1|
    |icmp_ln208_fu_727_p2    |      icmp|   0|  0|  20|          32|          32|
    |ap_block_state1         |        or|   0|  0|   2|           1|           1|
    |select_ln186_fu_634_p3  |    select|   0|  0|  32|           1|          32|
    +------------------------+----------+----+---+----+------------+------------+
    |Total                   |          |   0|  0| 564|         518|         479|
    +------------------------+----------+----+---+----+------------+------------+

    * Multiplexer: 
    +------------------+-----+-----------+-----+-----------+
    |       Name       | LUT | Input Size| Bits| Total Bits|
    +------------------+-----+-----------+-----+-----------+
    |ap_NS_fsm         |  958|        181|    1|        181|
    |ap_done           |    9|          2|    1|          2|
    |delta_address0    |   20|          4|   12|         48|
    |delta_ce0         |   20|          4|    1|          4|
    |delta_d0          |   14|          3|   32|         96|
    |delta_we0         |   14|          3|    1|          3|
    |dist_address0     |   20|          4|   12|         48|
    |dist_ce0          |   20|          4|    1|          4|
    |dist_d0           |   20|          4|   32|        128|
    |dist_we0          |   20|          4|    1|          4|
    |gmem0_blk_n_AR    |    9|          2|    1|          2|
    |gmem0_blk_n_R     |    9|          2|    1|          2|
    |gmem1_ARADDR      |   14|          3|   64|        192|
    |gmem1_ARLEN       |   14|          3|   32|         96|
    |gmem1_ARVALID     |   14|          3|    1|          3|
    |gmem1_RREADY      |    9|          2|    1|          2|
    |gmem1_blk_n_AR    |    9|          2|    1|          2|
    |gmem3_AWADDR      |   14|          3|   64|        192|
    |gmem3_AWLEN       |   14|          3|   32|         96|
    |gmem3_AWVALID     |   14|          3|    1|          3|
    |gmem3_BREADY      |   14|          3|    1|          3|
    |gmem3_WDATA       |   14|          3|   32|         96|
    |gmem3_WSTRB       |   14|          3|    4|         12|
    |gmem3_WVALID      |   14|          3|    1|          3|
    |gmem3_blk_n_AR    |    9|          2|    1|          2|
    |gmem3_blk_n_AW    |    9|          2|    1|          2|
    |gmem3_blk_n_B     |    9|          2|    1|          2|
    |gmem3_blk_n_R     |    9|          2|    1|          2|
    |gmem3_blk_n_W     |    9|          2|    1|          2|
    |grp_fu_478_ce     |   20|          4|    1|          4|
    |grp_fu_478_p0     |   20|          4|   32|        128|
    |grp_fu_478_p1     |   20|          4|   32|        128|
    |i_1_fu_180        |    9|          2|   12|         24|
    |j_reg_419         |    9|          2|   12|         24|
    |p_address0        |   14|          3|   17|         51|
    |p_ce0             |   14|          3|    1|          3|
    |p_tail_address0   |   20|          4|   12|         48|
    |p_tail_ce0        |   20|          4|    1|          4|
    |p_tail_d0         |   14|          3|   32|         96|
    |p_tail_we0        |   14|          3|    1|          3|
    |p_we0             |    9|          2|    1|          2|
    |q_address0        |   20|          4|   12|         48|
    |q_ce0             |   14|          3|    1|          3|
    |q_d0              |   14|          3|   32|         96|
    |q_tail_3_reg_397  |    9|          2|   32|         64|
    |q_tail_reg_385    |    9|          2|   32|         64|
    |q_we0             |   14|          3|    1|          3|
    |s_address0        |   14|          3|   12|         36|
    |s_top_1_reg_409   |    9|          2|   13|         26|
    |s_top_reg_374     |    9|          2|   12|         24|
    |sigma_address0    |   31|          6|   12|         72|
    |sigma_ce0         |   26|          5|    1|          5|
    |sigma_d0          |   20|          4|   32|        128|
    |sigma_we0         |   20|          4|    1|          4|
    +------------------+-----+-----------+-----+-----------+
    |Total             | 1728|        342|  682|       2320|
    +------------------+-----+-----------+-----+-----------+

    * Register: 
    +-------------------------------------------------------+-----+----+-----+-----------+
    |                          Name                         |  FF | LUT| Bits| Const Bits|
    +-------------------------------------------------------+-----+----+-----+-----------+
    |add_ln148_reg_814                                      |   12|   0|   12|          0|
    |add_ln207_reg_1021                                     |   13|   0|   13|          0|
    |add_ln214_reg_970                                      |   15|   0|   17|          2|
    |add_reg_1006                                           |   32|   0|   32|          0|
    |ap_CS_fsm                                              |  180|   0|  180|          0|
    |ap_done_reg                                            |    1|   0|    1|          0|
    |ap_ext_blocking_n_reg                                  |    1|   0|    1|          0|
    |ap_int_blocking_n_reg                                  |    1|   0|    1|          0|
    |ap_rst_n_inv                                           |    1|   0|    1|          0|
    |ap_rst_reg_1                                           |    1|   0|    1|          0|
    |ap_rst_reg_2                                           |    1|   0|    1|          0|
    |ap_str_blocking_n_reg                                  |    1|   0|    1|          0|
    |btwn_read_reg_777                                      |   64|   0|   64|          0|
    |column_read_reg_783                                    |   64|   0|   64|          0|
    |delta_addr_1_reg_979                                   |   12|   0|   12|          0|
    |delta_load_reg_991                                     |   32|   0|   32|          0|
    |gmem0_addr_read_1_reg_886                              |   32|   0|   32|          0|
    |gmem0_addr_reg_872                                     |   64|   0|   64|          0|
    |gmem3_addr_read_reg_996                                |   32|   0|   32|          0|
    |gmem3_addr_reg_984                                     |   64|   0|   64|          0|
    |grp_dut_Pipeline_LOOP_INIT_fu_430_ap_start_reg         |    1|   0|    1|          0|
    |grp_dut_Pipeline_LOOP_MAIN_INIT_fu_440_ap_start_reg    |    1|   0|    1|          0|
    |grp_dut_Pipeline_VITIS_LOOP_186_1_fu_449_ap_start_reg  |    1|   0|    1|          0|
    |grp_dut_Pipeline_VITIS_LOOP_212_2_fu_467_ap_start_reg  |    1|   0|    1|          0|
    |i_1_fu_180                                             |   12|   0|   12|          0|
    |icmp_ln186_1_reg_908                                   |    1|   0|    1|          0|
    |icmp_ln208_reg_975                                     |    1|   0|    1|          0|
    |j_2_reg_929                                            |   12|   0|   12|          0|
    |j_3_reg_837                                            |   12|   0|   12|          0|
    |j_reg_419                                              |   12|   0|   12|          0|
    |k_reg_878                                              |   32|   0|   32|          0|
    |offset_read_reg_788                                    |   64|   0|   64|          0|
    |p_tail_load_reg_1026                                   |   32|   0|   32|          0|
    |q_tail_3_reg_397                                       |   32|   0|   32|          0|
    |q_tail_reg_385                                         |   32|   0|   32|          0|
    |s_top_1_reg_409                                        |   13|   0|   13|          0|
    |s_top_reg_374                                          |   12|   0|   12|          0|
    |select_ln186_reg_918                                   |   32|   0|   32|          0|
    |sigma_load_reg_1031                                    |   32|   0|   32|          0|
    |sub_ln186_reg_896                                      |   32|   0|   32|          0|
    |trunc_ln184_reg_866                                    |   12|   0|   12|          0|
    |trunc_ln186_1_reg_902                                  |   62|   0|   62|          0|
    |trunc_ln207_1_reg_949                                  |   13|   0|   13|          0|
    |trunc_ln214_1_reg_959                                  |   15|   0|   15|          0|
    |trunc_ln214_reg_954                                    |   12|   0|   12|          0|
    |v_reg_860                                              |   32|   0|   32|          0|
    |w_reg_942                                              |   32|   0|   32|          0|
    |zext_ln148_1_reg_825                                   |   12|   0|   32|         20|
    |zext_ln148_reg_819                                     |   12|   0|   64|         52|
    |zext_ln182_reg_842                                     |   12|   0|   64|         52|
    |zext_ln208_reg_964                                     |   32|   0|   64|         32|
    +-------------------------------------------------------+-----+----+-----+-----------+
    |Total                                                  | 1236|   0| 1394|        158|
    +-------------------------------------------------------+-----+----+-----+-----------+



================================================================
== Interface
================================================================
* Summary: 
+-----------------------+-----+-----+---------------+--------------+--------------+
|       RTL Ports       | Dir | Bits|    Protocol   | Source Object|    C Type    |
+-----------------------+-----+-----+---------------+--------------+--------------+
|s_axi_control_AWVALID  |   in|    1|          s_axi|       control|        scalar|
|s_axi_control_AWREADY  |  out|    1|          s_axi|       control|        scalar|
|s_axi_control_AWADDR   |   in|    7|          s_axi|       control|        scalar|
|s_axi_control_WVALID   |   in|    1|          s_axi|       control|        scalar|
|s_axi_control_WREADY   |  out|    1|          s_axi|       control|        scalar|
|s_axi_control_WDATA    |   in|   32|          s_axi|       control|        scalar|
|s_axi_control_WSTRB    |   in|    4|          s_axi|       control|        scalar|
|s_axi_control_ARVALID  |   in|    1|          s_axi|       control|        scalar|
|s_axi_control_ARREADY  |  out|    1|          s_axi|       control|        scalar|
|s_axi_control_ARADDR   |   in|    7|          s_axi|       control|        scalar|
|s_axi_control_RVALID   |  out|    1|          s_axi|       control|        scalar|
|s_axi_control_RREADY   |   in|    1|          s_axi|       control|        scalar|
|s_axi_control_RDATA    |  out|   32|          s_axi|       control|        scalar|
|s_axi_control_RRESP    |  out|    2|          s_axi|       control|        scalar|
|s_axi_control_BVALID   |  out|    1|          s_axi|       control|        scalar|
|s_axi_control_BREADY   |   in|    1|          s_axi|       control|        scalar|
|s_axi_control_BRESP    |  out|    2|          s_axi|       control|        scalar|
|ap_clk                 |   in|    1|  ap_ctrl_chain|           dut|  return value|
|ap_rst_n               |   in|    1|  ap_ctrl_chain|           dut|  return value|
|event_done             |  out|    1|  ap_ctrl_chain|           dut|  return value|
|interrupt              |  out|    1|  ap_ctrl_chain|           dut|  return value|
|event_start            |  out|    1|  ap_ctrl_chain|           dut|  return value|
|stall_start_ext        |  out|    1|  ap_ctrl_chain|           dut|  return value|
|stall_done_ext         |  out|    1|  ap_ctrl_chain|           dut|  return value|
|stall_start_str        |  out|    1|  ap_ctrl_chain|           dut|  return value|
|stall_done_str         |  out|    1|  ap_ctrl_chain|           dut|  return value|
|stall_start_int        |  out|    1|  ap_ctrl_chain|           dut|  return value|
|stall_done_int         |  out|    1|  ap_ctrl_chain|           dut|  return value|
|m_axi_gmem0_AWVALID    |  out|    1|          m_axi|         gmem0|       pointer|
|m_axi_gmem0_AWREADY    |   in|    1|          m_axi|         gmem0|       pointer|
|m_axi_gmem0_AWADDR     |  out|   64|          m_axi|         gmem0|       pointer|
|m_axi_gmem0_AWID       |  out|    1|          m_axi|         gmem0|       pointer|
|m_axi_gmem0_AWLEN      |  out|    8|          m_axi|         gmem0|       pointer|
|m_axi_gmem0_AWSIZE     |  out|    3|          m_axi|         gmem0|       pointer|
|m_axi_gmem0_AWBURST    |  out|    2|          m_axi|         gmem0|       pointer|
|m_axi_gmem0_AWLOCK     |  out|    2|          m_axi|         gmem0|       pointer|
|m_axi_gmem0_AWCACHE    |  out|    4|          m_axi|         gmem0|       pointer|
|m_axi_gmem0_AWPROT     |  out|    3|          m_axi|         gmem0|       pointer|
|m_axi_gmem0_AWQOS      |  out|    4|          m_axi|         gmem0|       pointer|
|m_axi_gmem0_AWREGION   |  out|    4|          m_axi|         gmem0|       pointer|
|m_axi_gmem0_AWUSER     |  out|    1|          m_axi|         gmem0|       pointer|
|m_axi_gmem0_WVALID     |  out|    1|          m_axi|         gmem0|       pointer|
|m_axi_gmem0_WREADY     |   in|    1|          m_axi|         gmem0|       pointer|
|m_axi_gmem0_WDATA      |  out|   32|          m_axi|         gmem0|       pointer|
|m_axi_gmem0_WSTRB      |  out|    4|          m_axi|         gmem0|       pointer|
|m_axi_gmem0_WLAST      |  out|    1|          m_axi|         gmem0|       pointer|
|m_axi_gmem0_WID        |  out|    1|          m_axi|         gmem0|       pointer|
|m_axi_gmem0_WUSER      |  out|    1|          m_axi|         gmem0|       pointer|
|m_axi_gmem0_ARVALID    |  out|    1|          m_axi|         gmem0|       pointer|
|m_axi_gmem0_ARREADY    |   in|    1|          m_axi|         gmem0|       pointer|
|m_axi_gmem0_ARADDR     |  out|   64|          m_axi|         gmem0|       pointer|
|m_axi_gmem0_ARID       |  out|    1|          m_axi|         gmem0|       pointer|
|m_axi_gmem0_ARLEN      |  out|    8|          m_axi|         gmem0|       pointer|
|m_axi_gmem0_ARSIZE     |  out|    3|          m_axi|         gmem0|       pointer|
|m_axi_gmem0_ARBURST    |  out|    2|          m_axi|         gmem0|       pointer|
|m_axi_gmem0_ARLOCK     |  out|    2|          m_axi|         gmem0|       pointer|
|m_axi_gmem0_ARCACHE    |  out|    4|          m_axi|         gmem0|       pointer|
|m_axi_gmem0_ARPROT     |  out|    3|          m_axi|         gmem0|       pointer|
|m_axi_gmem0_ARQOS      |  out|    4|          m_axi|         gmem0|       pointer|
|m_axi_gmem0_ARREGION   |  out|    4|          m_axi|         gmem0|       pointer|
|m_axi_gmem0_ARUSER     |  out|    1|          m_axi|         gmem0|       pointer|
|m_axi_gmem0_RVALID     |   in|    1|          m_axi|         gmem0|       pointer|
|m_axi_gmem0_RREADY     |  out|    1|          m_axi|         gmem0|       pointer|
|m_axi_gmem0_RDATA      |   in|   32|          m_axi|         gmem0|       pointer|
|m_axi_gmem0_RLAST      |   in|    1|          m_axi|         gmem0|       pointer|
|m_axi_gmem0_RID        |   in|    1|          m_axi|         gmem0|       pointer|
|m_axi_gmem0_RUSER      |   in|    1|          m_axi|         gmem0|       pointer|
|m_axi_gmem0_RRESP      |   in|    2|          m_axi|         gmem0|       pointer|
|m_axi_gmem0_BVALID     |   in|    1|          m_axi|         gmem0|       pointer|
|m_axi_gmem0_BREADY     |  out|    1|          m_axi|         gmem0|       pointer|
|m_axi_gmem0_BRESP      |   in|    2|          m_axi|         gmem0|       pointer|
|m_axi_gmem0_BID        |   in|    1|          m_axi|         gmem0|       pointer|
|m_axi_gmem0_BUSER      |   in|    1|          m_axi|         gmem0|       pointer|
|m_axi_gmem1_AWVALID    |  out|    1|          m_axi|         gmem1|       pointer|
|m_axi_gmem1_AWREADY    |   in|    1|          m_axi|         gmem1|       pointer|
|m_axi_gmem1_AWADDR     |  out|   64|          m_axi|         gmem1|       pointer|
|m_axi_gmem1_AWID       |  out|    1|          m_axi|         gmem1|       pointer|
|m_axi_gmem1_AWLEN      |  out|    8|          m_axi|         gmem1|       pointer|
|m_axi_gmem1_AWSIZE     |  out|    3|          m_axi|         gmem1|       pointer|
|m_axi_gmem1_AWBURST    |  out|    2|          m_axi|         gmem1|       pointer|
|m_axi_gmem1_AWLOCK     |  out|    2|          m_axi|         gmem1|       pointer|
|m_axi_gmem1_AWCACHE    |  out|    4|          m_axi|         gmem1|       pointer|
|m_axi_gmem1_AWPROT     |  out|    3|          m_axi|         gmem1|       pointer|
|m_axi_gmem1_AWQOS      |  out|    4|          m_axi|         gmem1|       pointer|
|m_axi_gmem1_AWREGION   |  out|    4|          m_axi|         gmem1|       pointer|
|m_axi_gmem1_AWUSER     |  out|    1|          m_axi|         gmem1|       pointer|
|m_axi_gmem1_WVALID     |  out|    1|          m_axi|         gmem1|       pointer|
|m_axi_gmem1_WREADY     |   in|    1|          m_axi|         gmem1|       pointer|
|m_axi_gmem1_WDATA      |  out|   32|          m_axi|         gmem1|       pointer|
|m_axi_gmem1_WSTRB      |  out|    4|          m_axi|         gmem1|       pointer|
|m_axi_gmem1_WLAST      |  out|    1|          m_axi|         gmem1|       pointer|
|m_axi_gmem1_WID        |  out|    1|          m_axi|         gmem1|       pointer|
|m_axi_gmem1_WUSER      |  out|    1|          m_axi|         gmem1|       pointer|
|m_axi_gmem1_ARVALID    |  out|    1|          m_axi|         gmem1|       pointer|
|m_axi_gmem1_ARREADY    |   in|    1|          m_axi|         gmem1|       pointer|
|m_axi_gmem1_ARADDR     |  out|   64|          m_axi|         gmem1|       pointer|
|m_axi_gmem1_ARID       |  out|    1|          m_axi|         gmem1|       pointer|
|m_axi_gmem1_ARLEN      |  out|    8|          m_axi|         gmem1|       pointer|
|m_axi_gmem1_ARSIZE     |  out|    3|          m_axi|         gmem1|       pointer|
|m_axi_gmem1_ARBURST    |  out|    2|          m_axi|         gmem1|       pointer|
|m_axi_gmem1_ARLOCK     |  out|    2|          m_axi|         gmem1|       pointer|
|m_axi_gmem1_ARCACHE    |  out|    4|          m_axi|         gmem1|       pointer|
|m_axi_gmem1_ARPROT     |  out|    3|          m_axi|         gmem1|       pointer|
|m_axi_gmem1_ARQOS      |  out|    4|          m_axi|         gmem1|       pointer|
|m_axi_gmem1_ARREGION   |  out|    4|          m_axi|         gmem1|       pointer|
|m_axi_gmem1_ARUSER     |  out|    1|          m_axi|         gmem1|       pointer|
|m_axi_gmem1_RVALID     |   in|    1|          m_axi|         gmem1|       pointer|
|m_axi_gmem1_RREADY     |  out|    1|          m_axi|         gmem1|       pointer|
|m_axi_gmem1_RDATA      |   in|   32|          m_axi|         gmem1|       pointer|
|m_axi_gmem1_RLAST      |   in|    1|          m_axi|         gmem1|       pointer|
|m_axi_gmem1_RID        |   in|    1|          m_axi|         gmem1|       pointer|
|m_axi_gmem1_RUSER      |   in|    1|          m_axi|         gmem1|       pointer|
|m_axi_gmem1_RRESP      |   in|    2|          m_axi|         gmem1|       pointer|
|m_axi_gmem1_BVALID     |   in|    1|          m_axi|         gmem1|       pointer|
|m_axi_gmem1_BREADY     |  out|    1|          m_axi|         gmem1|       pointer|
|m_axi_gmem1_BRESP      |   in|    2|          m_axi|         gmem1|       pointer|
|m_axi_gmem1_BID        |   in|    1|          m_axi|         gmem1|       pointer|
|m_axi_gmem1_BUSER      |   in|    1|          m_axi|         gmem1|       pointer|
|m_axi_gmem3_AWVALID    |  out|    1|          m_axi|         gmem3|       pointer|
|m_axi_gmem3_AWREADY    |   in|    1|          m_axi|         gmem3|       pointer|
|m_axi_gmem3_AWADDR     |  out|   64|          m_axi|         gmem3|       pointer|
|m_axi_gmem3_AWID       |  out|    1|          m_axi|         gmem3|       pointer|
|m_axi_gmem3_AWLEN      |  out|    8|          m_axi|         gmem3|       pointer|
|m_axi_gmem3_AWSIZE     |  out|    3|          m_axi|         gmem3|       pointer|
|m_axi_gmem3_AWBURST    |  out|    2|          m_axi|         gmem3|       pointer|
|m_axi_gmem3_AWLOCK     |  out|    2|          m_axi|         gmem3|       pointer|
|m_axi_gmem3_AWCACHE    |  out|    4|          m_axi|         gmem3|       pointer|
|m_axi_gmem3_AWPROT     |  out|    3|          m_axi|         gmem3|       pointer|
|m_axi_gmem3_AWQOS      |  out|    4|          m_axi|         gmem3|       pointer|
|m_axi_gmem3_AWREGION   |  out|    4|          m_axi|         gmem3|       pointer|
|m_axi_gmem3_AWUSER     |  out|    1|          m_axi|         gmem3|       pointer|
|m_axi_gmem3_WVALID     |  out|    1|          m_axi|         gmem3|       pointer|
|m_axi_gmem3_WREADY     |   in|    1|          m_axi|         gmem3|       pointer|
|m_axi_gmem3_WDATA      |  out|   32|          m_axi|         gmem3|       pointer|
|m_axi_gmem3_WSTRB      |  out|    4|          m_axi|         gmem3|       pointer|
|m_axi_gmem3_WLAST      |  out|    1|          m_axi|         gmem3|       pointer|
|m_axi_gmem3_WID        |  out|    1|          m_axi|         gmem3|       pointer|
|m_axi_gmem3_WUSER      |  out|    1|          m_axi|         gmem3|       pointer|
|m_axi_gmem3_ARVALID    |  out|    1|          m_axi|         gmem3|       pointer|
|m_axi_gmem3_ARREADY    |   in|    1|          m_axi|         gmem3|       pointer|
|m_axi_gmem3_ARADDR     |  out|   64|          m_axi|         gmem3|       pointer|
|m_axi_gmem3_ARID       |  out|    1|          m_axi|         gmem3|       pointer|
|m_axi_gmem3_ARLEN      |  out|    8|          m_axi|         gmem3|       pointer|
|m_axi_gmem3_ARSIZE     |  out|    3|          m_axi|         gmem3|       pointer|
|m_axi_gmem3_ARBURST    |  out|    2|          m_axi|         gmem3|       pointer|
|m_axi_gmem3_ARLOCK     |  out|    2|          m_axi|         gmem3|       pointer|
|m_axi_gmem3_ARCACHE    |  out|    4|          m_axi|         gmem3|       pointer|
|m_axi_gmem3_ARPROT     |  out|    3|          m_axi|         gmem3|       pointer|
|m_axi_gmem3_ARQOS      |  out|    4|          m_axi|         gmem3|       pointer|
|m_axi_gmem3_ARREGION   |  out|    4|          m_axi|         gmem3|       pointer|
|m_axi_gmem3_ARUSER     |  out|    1|          m_axi|         gmem3|       pointer|
|m_axi_gmem3_RVALID     |   in|    1|          m_axi|         gmem3|       pointer|
|m_axi_gmem3_RREADY     |  out|    1|          m_axi|         gmem3|       pointer|
|m_axi_gmem3_RDATA      |   in|   32|          m_axi|         gmem3|       pointer|
|m_axi_gmem3_RLAST      |   in|    1|          m_axi|         gmem3|       pointer|
|m_axi_gmem3_RID        |   in|    1|          m_axi|         gmem3|       pointer|
|m_axi_gmem3_RUSER      |   in|    1|          m_axi|         gmem3|       pointer|
|m_axi_gmem3_RRESP      |   in|    2|          m_axi|         gmem3|       pointer|
|m_axi_gmem3_BVALID     |   in|    1|          m_axi|         gmem3|       pointer|
|m_axi_gmem3_BREADY     |  out|    1|          m_axi|         gmem3|       pointer|
|m_axi_gmem3_BRESP      |   in|    2|          m_axi|         gmem3|       pointer|
|m_axi_gmem3_BID        |   in|    1|          m_axi|         gmem3|       pointer|
|m_axi_gmem3_BUSER      |   in|    1|          m_axi|         gmem3|       pointer|
|m_axi_gmem6_AWVALID    |  out|    1|          m_axi|         gmem6|       pointer|
|m_axi_gmem6_AWREADY    |   in|    1|          m_axi|         gmem6|       pointer|
|m_axi_gmem6_AWADDR     |  out|   64|          m_axi|         gmem6|       pointer|
|m_axi_gmem6_AWID       |  out|    1|          m_axi|         gmem6|       pointer|
|m_axi_gmem6_AWLEN      |  out|    8|          m_axi|         gmem6|       pointer|
|m_axi_gmem6_AWSIZE     |  out|    3|          m_axi|         gmem6|       pointer|
|m_axi_gmem6_AWBURST    |  out|    2|          m_axi|         gmem6|       pointer|
|m_axi_gmem6_AWLOCK     |  out|    2|          m_axi|         gmem6|       pointer|
|m_axi_gmem6_AWCACHE    |  out|    4|          m_axi|         gmem6|       pointer|
|m_axi_gmem6_AWPROT     |  out|    3|          m_axi|         gmem6|       pointer|
|m_axi_gmem6_AWQOS      |  out|    4|          m_axi|         gmem6|       pointer|
|m_axi_gmem6_AWREGION   |  out|    4|          m_axi|         gmem6|       pointer|
|m_axi_gmem6_AWUSER     |  out|    1|          m_axi|         gmem6|       pointer|
|m_axi_gmem6_WVALID     |  out|    1|          m_axi|         gmem6|       pointer|
|m_axi_gmem6_WREADY     |   in|    1|          m_axi|         gmem6|       pointer|
|m_axi_gmem6_WDATA      |  out|   32|          m_axi|         gmem6|       pointer|
|m_axi_gmem6_WSTRB      |  out|    4|          m_axi|         gmem6|       pointer|
|m_axi_gmem6_WLAST      |  out|    1|          m_axi|         gmem6|       pointer|
|m_axi_gmem6_WID        |  out|    1|          m_axi|         gmem6|       pointer|
|m_axi_gmem6_WUSER      |  out|    1|          m_axi|         gmem6|       pointer|
|m_axi_gmem6_ARVALID    |  out|    1|          m_axi|         gmem6|       pointer|
|m_axi_gmem6_ARREADY    |   in|    1|          m_axi|         gmem6|       pointer|
|m_axi_gmem6_ARADDR     |  out|   64|          m_axi|         gmem6|       pointer|
|m_axi_gmem6_ARID       |  out|    1|          m_axi|         gmem6|       pointer|
|m_axi_gmem6_ARLEN      |  out|    8|          m_axi|         gmem6|       pointer|
|m_axi_gmem6_ARSIZE     |  out|    3|          m_axi|         gmem6|       pointer|
|m_axi_gmem6_ARBURST    |  out|    2|          m_axi|         gmem6|       pointer|
|m_axi_gmem6_ARLOCK     |  out|    2|          m_axi|         gmem6|       pointer|
|m_axi_gmem6_ARCACHE    |  out|    4|          m_axi|         gmem6|       pointer|
|m_axi_gmem6_ARPROT     |  out|    3|          m_axi|         gmem6|       pointer|
|m_axi_gmem6_ARQOS      |  out|    4|          m_axi|         gmem6|       pointer|
|m_axi_gmem6_ARREGION   |  out|    4|          m_axi|         gmem6|       pointer|
|m_axi_gmem6_ARUSER     |  out|    1|          m_axi|         gmem6|       pointer|
|m_axi_gmem6_RVALID     |   in|    1|          m_axi|         gmem6|       pointer|
|m_axi_gmem6_RREADY     |  out|    1|          m_axi|         gmem6|       pointer|
|m_axi_gmem6_RDATA      |   in|   32|          m_axi|         gmem6|       pointer|
|m_axi_gmem6_RLAST      |   in|    1|          m_axi|         gmem6|       pointer|
|m_axi_gmem6_RID        |   in|    1|          m_axi|         gmem6|       pointer|
|m_axi_gmem6_RUSER      |   in|    1|          m_axi|         gmem6|       pointer|
|m_axi_gmem6_RRESP      |   in|    2|          m_axi|         gmem6|       pointer|
|m_axi_gmem6_BVALID     |   in|    1|          m_axi|         gmem6|       pointer|
|m_axi_gmem6_BREADY     |  out|    1|          m_axi|         gmem6|       pointer|
|m_axi_gmem6_BRESP      |   in|    2|          m_axi|         gmem6|       pointer|
|m_axi_gmem6_BID        |   in|    1|          m_axi|         gmem6|       pointer|
|m_axi_gmem6_BUSER      |   in|    1|          m_axi|         gmem6|       pointer|
|m_axi_gmem7_AWVALID    |  out|    1|          m_axi|         gmem7|       pointer|
|m_axi_gmem7_AWREADY    |   in|    1|          m_axi|         gmem7|       pointer|
|m_axi_gmem7_AWADDR     |  out|   64|          m_axi|         gmem7|       pointer|
|m_axi_gmem7_AWID       |  out|    1|          m_axi|         gmem7|       pointer|
|m_axi_gmem7_AWLEN      |  out|    8|          m_axi|         gmem7|       pointer|
|m_axi_gmem7_AWSIZE     |  out|    3|          m_axi|         gmem7|       pointer|
|m_axi_gmem7_AWBURST    |  out|    2|          m_axi|         gmem7|       pointer|
|m_axi_gmem7_AWLOCK     |  out|    2|          m_axi|         gmem7|       pointer|
|m_axi_gmem7_AWCACHE    |  out|    4|          m_axi|         gmem7|       pointer|
|m_axi_gmem7_AWPROT     |  out|    3|          m_axi|         gmem7|       pointer|
|m_axi_gmem7_AWQOS      |  out|    4|          m_axi|         gmem7|       pointer|
|m_axi_gmem7_AWREGION   |  out|    4|          m_axi|         gmem7|       pointer|
|m_axi_gmem7_AWUSER     |  out|    1|          m_axi|         gmem7|       pointer|
|m_axi_gmem7_WVALID     |  out|    1|          m_axi|         gmem7|       pointer|
|m_axi_gmem7_WREADY     |   in|    1|          m_axi|         gmem7|       pointer|
|m_axi_gmem7_WDATA      |  out|   32|          m_axi|         gmem7|       pointer|
|m_axi_gmem7_WSTRB      |  out|    4|          m_axi|         gmem7|       pointer|
|m_axi_gmem7_WLAST      |  out|    1|          m_axi|         gmem7|       pointer|
|m_axi_gmem7_WID        |  out|    1|          m_axi|         gmem7|       pointer|
|m_axi_gmem7_WUSER      |  out|    1|          m_axi|         gmem7|       pointer|
|m_axi_gmem7_ARVALID    |  out|    1|          m_axi|         gmem7|       pointer|
|m_axi_gmem7_ARREADY    |   in|    1|          m_axi|         gmem7|       pointer|
|m_axi_gmem7_ARADDR     |  out|   64|          m_axi|         gmem7|       pointer|
|m_axi_gmem7_ARID       |  out|    1|          m_axi|         gmem7|       pointer|
|m_axi_gmem7_ARLEN      |  out|    8|          m_axi|         gmem7|       pointer|
|m_axi_gmem7_ARSIZE     |  out|    3|          m_axi|         gmem7|       pointer|
|m_axi_gmem7_ARBURST    |  out|    2|          m_axi|         gmem7|       pointer|
|m_axi_gmem7_ARLOCK     |  out|    2|          m_axi|         gmem7|       pointer|
|m_axi_gmem7_ARCACHE    |  out|    4|          m_axi|         gmem7|       pointer|
|m_axi_gmem7_ARPROT     |  out|    3|          m_axi|         gmem7|       pointer|
|m_axi_gmem7_ARQOS      |  out|    4|          m_axi|         gmem7|       pointer|
|m_axi_gmem7_ARREGION   |  out|    4|          m_axi|         gmem7|       pointer|
|m_axi_gmem7_ARUSER     |  out|    1|          m_axi|         gmem7|       pointer|
|m_axi_gmem7_RVALID     |   in|    1|          m_axi|         gmem7|       pointer|
|m_axi_gmem7_RREADY     |  out|    1|          m_axi|         gmem7|       pointer|
|m_axi_gmem7_RDATA      |   in|   32|          m_axi|         gmem7|       pointer|
|m_axi_gmem7_RLAST      |   in|    1|          m_axi|         gmem7|       pointer|
|m_axi_gmem7_RID        |   in|    1|          m_axi|         gmem7|       pointer|
|m_axi_gmem7_RUSER      |   in|    1|          m_axi|         gmem7|       pointer|
|m_axi_gmem7_RRESP      |   in|    2|          m_axi|         gmem7|       pointer|
|m_axi_gmem7_BVALID     |   in|    1|          m_axi|         gmem7|       pointer|
|m_axi_gmem7_BREADY     |  out|    1|          m_axi|         gmem7|       pointer|
|m_axi_gmem7_BRESP      |   in|    2|          m_axi|         gmem7|       pointer|
|m_axi_gmem7_BID        |   in|    1|          m_axi|         gmem7|       pointer|
|m_axi_gmem7_BUSER      |   in|    1|          m_axi|         gmem7|       pointer|
|m_axi_gmem8_AWVALID    |  out|    1|          m_axi|         gmem8|       pointer|
|m_axi_gmem8_AWREADY    |   in|    1|          m_axi|         gmem8|       pointer|
|m_axi_gmem8_AWADDR     |  out|   64|          m_axi|         gmem8|       pointer|
|m_axi_gmem8_AWID       |  out|    1|          m_axi|         gmem8|       pointer|
|m_axi_gmem8_AWLEN      |  out|    8|          m_axi|         gmem8|       pointer|
|m_axi_gmem8_AWSIZE     |  out|    3|          m_axi|         gmem8|       pointer|
|m_axi_gmem8_AWBURST    |  out|    2|          m_axi|         gmem8|       pointer|
|m_axi_gmem8_AWLOCK     |  out|    2|          m_axi|         gmem8|       pointer|
|m_axi_gmem8_AWCACHE    |  out|    4|          m_axi|         gmem8|       pointer|
|m_axi_gmem8_AWPROT     |  out|    3|          m_axi|         gmem8|       pointer|
|m_axi_gmem8_AWQOS      |  out|    4|          m_axi|         gmem8|       pointer|
|m_axi_gmem8_AWREGION   |  out|    4|          m_axi|         gmem8|       pointer|
|m_axi_gmem8_AWUSER     |  out|    1|          m_axi|         gmem8|       pointer|
|m_axi_gmem8_WVALID     |  out|    1|          m_axi|         gmem8|       pointer|
|m_axi_gmem8_WREADY     |   in|    1|          m_axi|         gmem8|       pointer|
|m_axi_gmem8_WDATA      |  out|   32|          m_axi|         gmem8|       pointer|
|m_axi_gmem8_WSTRB      |  out|    4|          m_axi|         gmem8|       pointer|
|m_axi_gmem8_WLAST      |  out|    1|          m_axi|         gmem8|       pointer|
|m_axi_gmem8_WID        |  out|    1|          m_axi|         gmem8|       pointer|
|m_axi_gmem8_WUSER      |  out|    1|          m_axi|         gmem8|       pointer|
|m_axi_gmem8_ARVALID    |  out|    1|          m_axi|         gmem8|       pointer|
|m_axi_gmem8_ARREADY    |   in|    1|          m_axi|         gmem8|       pointer|
|m_axi_gmem8_ARADDR     |  out|   64|          m_axi|         gmem8|       pointer|
|m_axi_gmem8_ARID       |  out|    1|          m_axi|         gmem8|       pointer|
|m_axi_gmem8_ARLEN      |  out|    8|          m_axi|         gmem8|       pointer|
|m_axi_gmem8_ARSIZE     |  out|    3|          m_axi|         gmem8|       pointer|
|m_axi_gmem8_ARBURST    |  out|    2|          m_axi|         gmem8|       pointer|
|m_axi_gmem8_ARLOCK     |  out|    2|          m_axi|         gmem8|       pointer|
|m_axi_gmem8_ARCACHE    |  out|    4|          m_axi|         gmem8|       pointer|
|m_axi_gmem8_ARPROT     |  out|    3|          m_axi|         gmem8|       pointer|
|m_axi_gmem8_ARQOS      |  out|    4|          m_axi|         gmem8|       pointer|
|m_axi_gmem8_ARREGION   |  out|    4|          m_axi|         gmem8|       pointer|
|m_axi_gmem8_ARUSER     |  out|    1|          m_axi|         gmem8|       pointer|
|m_axi_gmem8_RVALID     |   in|    1|          m_axi|         gmem8|       pointer|
|m_axi_gmem8_RREADY     |  out|    1|          m_axi|         gmem8|       pointer|
|m_axi_gmem8_RDATA      |   in|   32|          m_axi|         gmem8|       pointer|
|m_axi_gmem8_RLAST      |   in|    1|          m_axi|         gmem8|       pointer|
|m_axi_gmem8_RID        |   in|    1|          m_axi|         gmem8|       pointer|
|m_axi_gmem8_RUSER      |   in|    1|          m_axi|         gmem8|       pointer|
|m_axi_gmem8_RRESP      |   in|    2|          m_axi|         gmem8|       pointer|
|m_axi_gmem8_BVALID     |   in|    1|          m_axi|         gmem8|       pointer|
|m_axi_gmem8_BREADY     |  out|    1|          m_axi|         gmem8|       pointer|
|m_axi_gmem8_BRESP      |   in|    2|          m_axi|         gmem8|       pointer|
|m_axi_gmem8_BID        |   in|    1|          m_axi|         gmem8|       pointer|
|m_axi_gmem8_BUSER      |   in|    1|          m_axi|         gmem8|       pointer|
|m_axi_gmem9_AWVALID    |  out|    1|          m_axi|         gmem9|       pointer|
|m_axi_gmem9_AWREADY    |   in|    1|          m_axi|         gmem9|       pointer|
|m_axi_gmem9_AWADDR     |  out|   64|          m_axi|         gmem9|       pointer|
|m_axi_gmem9_AWID       |  out|    1|          m_axi|         gmem9|       pointer|
|m_axi_gmem9_AWLEN      |  out|    8|          m_axi|         gmem9|       pointer|
|m_axi_gmem9_AWSIZE     |  out|    3|          m_axi|         gmem9|       pointer|
|m_axi_gmem9_AWBURST    |  out|    2|          m_axi|         gmem9|       pointer|
|m_axi_gmem9_AWLOCK     |  out|    2|          m_axi|         gmem9|       pointer|
|m_axi_gmem9_AWCACHE    |  out|    4|          m_axi|         gmem9|       pointer|
|m_axi_gmem9_AWPROT     |  out|    3|          m_axi|         gmem9|       pointer|
|m_axi_gmem9_AWQOS      |  out|    4|          m_axi|         gmem9|       pointer|
|m_axi_gmem9_AWREGION   |  out|    4|          m_axi|         gmem9|       pointer|
|m_axi_gmem9_AWUSER     |  out|    1|          m_axi|         gmem9|       pointer|
|m_axi_gmem9_WVALID     |  out|    1|          m_axi|         gmem9|       pointer|
|m_axi_gmem9_WREADY     |   in|    1|          m_axi|         gmem9|       pointer|
|m_axi_gmem9_WDATA      |  out|   32|          m_axi|         gmem9|       pointer|
|m_axi_gmem9_WSTRB      |  out|    4|          m_axi|         gmem9|       pointer|
|m_axi_gmem9_WLAST      |  out|    1|          m_axi|         gmem9|       pointer|
|m_axi_gmem9_WID        |  out|    1|          m_axi|         gmem9|       pointer|
|m_axi_gmem9_WUSER      |  out|    1|          m_axi|         gmem9|       pointer|
|m_axi_gmem9_ARVALID    |  out|    1|          m_axi|         gmem9|       pointer|
|m_axi_gmem9_ARREADY    |   in|    1|          m_axi|         gmem9|       pointer|
|m_axi_gmem9_ARADDR     |  out|   64|          m_axi|         gmem9|       pointer|
|m_axi_gmem9_ARID       |  out|    1|          m_axi|         gmem9|       pointer|
|m_axi_gmem9_ARLEN      |  out|    8|          m_axi|         gmem9|       pointer|
|m_axi_gmem9_ARSIZE     |  out|    3|          m_axi|         gmem9|       pointer|
|m_axi_gmem9_ARBURST    |  out|    2|          m_axi|         gmem9|       pointer|
|m_axi_gmem9_ARLOCK     |  out|    2|          m_axi|         gmem9|       pointer|
|m_axi_gmem9_ARCACHE    |  out|    4|          m_axi|         gmem9|       pointer|
|m_axi_gmem9_ARPROT     |  out|    3|          m_axi|         gmem9|       pointer|
|m_axi_gmem9_ARQOS      |  out|    4|          m_axi|         gmem9|       pointer|
|m_axi_gmem9_ARREGION   |  out|    4|          m_axi|         gmem9|       pointer|
|m_axi_gmem9_ARUSER     |  out|    1|          m_axi|         gmem9|       pointer|
|m_axi_gmem9_RVALID     |   in|    1|          m_axi|         gmem9|       pointer|
|m_axi_gmem9_RREADY     |  out|    1|          m_axi|         gmem9|       pointer|
|m_axi_gmem9_RDATA      |   in|   32|          m_axi|         gmem9|       pointer|
|m_axi_gmem9_RLAST      |   in|    1|          m_axi|         gmem9|       pointer|
|m_axi_gmem9_RID        |   in|    1|          m_axi|         gmem9|       pointer|
|m_axi_gmem9_RUSER      |   in|    1|          m_axi|         gmem9|       pointer|
|m_axi_gmem9_RRESP      |   in|    2|          m_axi|         gmem9|       pointer|
|m_axi_gmem9_BVALID     |   in|    1|          m_axi|         gmem9|       pointer|
|m_axi_gmem9_BREADY     |  out|    1|          m_axi|         gmem9|       pointer|
|m_axi_gmem9_BRESP      |   in|    2|          m_axi|         gmem9|       pointer|
|m_axi_gmem9_BID        |   in|    1|          m_axi|         gmem9|       pointer|
|m_axi_gmem9_BUSER      |   in|    1|          m_axi|         gmem9|       pointer|
+-----------------------+-----+-----+---------------+--------------+--------------+

